\BOOKMARK [0][-]{PDFPortadaPage.0}{Portada}{}% 1
\BOOKMARK [0][-]{PDFAutorizacionPage.0}{Autorizaci\363n}{}% 2
\BOOKMARK [0][-]{PDFResumenPage.0}{Resumen}{}% 3
\BOOKMARK [0][-]{PDFAbstractPage.0}{Abstract}{}% 4
\BOOKMARK [0][-]{section*.1}{\315ndice}{}% 5
\BOOKMARK [0][-]{section*.3}{Agradecimientos}{}% 6
\BOOKMARK [0][-]{section*.4}{Dedicatoria}{}% 7
\BOOKMARK [0][-]{chapter.1}{Introducci\363n}{}% 8
\BOOKMARK [1][-]{section.1.1}{Los videojuego educativos y el E-Learning}{chapter.1}% 9
\BOOKMARK [1][-]{section.1.2}{El Objeto de Trabajo}{chapter.1}% 10
\BOOKMARK [2][-]{subsection.1.2.1}{eAdventure}{section.1.2}% 11
\BOOKMARK [2][-]{subsection.1.2.2}{Checklist}{section.1.2}% 12
\BOOKMARK [2][-]{subsection.1.2.3}{El motor de videojuegos Unity}{section.1.2}% 13
\BOOKMARK [1][-]{section.1.3}{Estado del Arte}{chapter.1}% 14
\BOOKMARK [2][-]{subsection.1.3.1}{Motores de videojuegos}{section.1.3}% 15
\BOOKMARK [2][-]{subsection.1.3.2}{Motores de desarrollo de Aventuras Gr\341ficas}{section.1.3}% 16
\BOOKMARK [2][-]{subsection.1.3.3}{eAdventure Android y Mokap}{section.1.3}% 17
\BOOKMARK [1][-]{section.1.4}{Metodolog\355a de desarrollo}{chapter.1}% 18
\BOOKMARK [0][-]{chapter.2}{Comenzando con el Proyecto}{}% 19
\BOOKMARK [0][-]{chapter.3}{Primera versi\363n del int\351rprete}{}% 20
\BOOKMARK [0][-]{chapter.4}{Primera Iteraci\363n: Prototipo inicial}{}% 21
\BOOKMARK [1][-]{section.4.1}{Arquitectura del Proyecto}{chapter.4}% 22
\BOOKMARK [2][-]{subsection.4.1.1}{Controlador Principal de Juego}{section.4.1}% 23
\BOOKMARK [2][-]{subsection.4.1.2}{Clases de Datos}{section.4.1}% 24
\BOOKMARK [2][-]{subsection.4.1.3}{Clases de Comportamiento}{section.4.1}% 25
\BOOKMARK [1][-]{section.4.2}{Detalles de la implementaci\363n}{chapter.4}% 26
\BOOKMARK [2][-]{subsection.4.2.1}{Sobre la clase Game}{section.4.2}% 27
\BOOKMARK [1][-]{section.4.3}{Sobre las Clases de Datos}{chapter.4}% 28
\BOOKMARK [0][-]{chapter.5}{Segunda Iteraci\363n}{}% 29
\BOOKMARK [0][-]{chapter*.10}{Bibliography}{}% 30
\BOOKMARK [0][-]{appendix.Alph1}{Title for This Appendix}{}% 31
\BOOKMARK [0][-]{appendix.Alph2}{Title for This Appendix}{}% 32
